[debug] [2025-09-28T13:22:00.986Z] ----------------------------------------------------------------------
[debug] [2025-09-28T13:22:00.988Z] Command:       C:\Program Files\nodejs\node.exe C:\Users\Madrasa\AppData\Roaming\npm\node_modules\firebase-tools\lib\bin\firebase.js deploy --only functions
[debug] [2025-09-28T13:22:00.988Z] CLI Version:   14.17.0
[debug] [2025-09-28T13:22:00.988Z] Platform:      win32
[debug] [2025-09-28T13:22:00.988Z] Node Version:  v22.20.0
[debug] [2025-09-28T13:22:00.989Z] Time:          Sun Sep 28 2025 14:22:00 GMT+0100 (British Summer Time)
[debug] [2025-09-28T13:22:00.989Z] ----------------------------------------------------------------------
[debug] 
[debug] [2025-09-28T13:22:01.119Z] > command requires scopes: ["email","openid","https://www.googleapis.com/auth/cloudplatformprojects.readonly","https://www.googleapis.com/auth/firebase","https://www.googleapis.com/auth/cloud-platform"]
[debug] [2025-09-28T13:22:01.119Z] > authorizing via signed-in user (admin@wakefieldcentralmosque.co.uk)
[debug] [2025-09-28T13:22:01.120Z] [iam] checking project wakefield-central-mosque for permissions ["cloudfunctions.functions.create","cloudfunctions.functions.delete","cloudfunctions.functions.get","cloudfunctions.functions.list","cloudfunctions.functions.update","cloudfunctions.operations.get","firebase.projects.get"]
[debug] [2025-09-28T13:22:01.120Z] Checked if tokens are valid: true, expires at: 1759069311320
[debug] [2025-09-28T13:22:01.120Z] Checked if tokens are valid: true, expires at: 1759069311320
[debug] [2025-09-28T13:22:01.121Z] >>> [apiv2][query] POST https://cloudresourcemanager.googleapis.com/v1/projects/wakefield-central-mosque:testIamPermissions [none]
[debug] [2025-09-28T13:22:01.121Z] >>> [apiv2][(partial)header] POST https://cloudresourcemanager.googleapis.com/v1/projects/wakefield-central-mosque:testIamPermissions x-goog-quota-user=projects/wakefield-central-mosque
[debug] [2025-09-28T13:22:01.121Z] >>> [apiv2][body] POST https://cloudresourcemanager.googleapis.com/v1/projects/wakefield-central-mosque:testIamPermissions {"permissions":["cloudfunctions.functions.create","cloudfunctions.functions.delete","cloudfunctions.functions.get","cloudfunctions.functions.list","cloudfunctions.functions.update","cloudfunctions.operations.get","firebase.projects.get"]}
[debug] [2025-09-28T13:22:01.993Z] <<< [apiv2][status] POST https://cloudresourcemanager.googleapis.com/v1/projects/wakefield-central-mosque:testIamPermissions 200
[debug] [2025-09-28T13:22:01.993Z] <<< [apiv2][body] POST https://cloudresourcemanager.googleapis.com/v1/projects/wakefield-central-mosque:testIamPermissions {"permissions":["cloudfunctions.functions.create","cloudfunctions.functions.delete","cloudfunctions.functions.get","cloudfunctions.functions.list","cloudfunctions.functions.update","cloudfunctions.operations.get","firebase.projects.get"]}
[debug] [2025-09-28T13:22:01.993Z] Checked if tokens are valid: true, expires at: 1759069311320
[debug] [2025-09-28T13:22:01.993Z] Checked if tokens are valid: true, expires at: 1759069311320
[debug] [2025-09-28T13:22:01.993Z] >>> [apiv2][query] POST https://iam.googleapis.com/v1/projects/wakefield-central-mosque/serviceAccounts/wakefield-central-mosque@appspot.gserviceaccount.com:testIamPermissions [none]
[debug] [2025-09-28T13:22:01.993Z] >>> [apiv2][body] POST https://iam.googleapis.com/v1/projects/wakefield-central-mosque/serviceAccounts/wakefield-central-mosque@appspot.gserviceaccount.com:testIamPermissions {"permissions":["iam.serviceAccounts.actAs"]}
[debug] [2025-09-28T13:22:02.945Z] <<< [apiv2][status] POST https://iam.googleapis.com/v1/projects/wakefield-central-mosque/serviceAccounts/wakefield-central-mosque@appspot.gserviceaccount.com:testIamPermissions 200
[debug] [2025-09-28T13:22:02.945Z] <<< [apiv2][body] POST https://iam.googleapis.com/v1/projects/wakefield-central-mosque/serviceAccounts/wakefield-central-mosque@appspot.gserviceaccount.com:testIamPermissions {"permissions":["iam.serviceAccounts.actAs"]}
[info] 
[info] === Deploying to 'wakefield-central-mosque'...
[info] 
[info] i  deploying functions 
[debug] [2025-09-28T13:22:02.948Z] Checked if tokens are valid: true, expires at: 1759069311320
[debug] [2025-09-28T13:22:02.948Z] Checked if tokens are valid: true, expires at: 1759069311320
[debug] [2025-09-28T13:22:02.948Z] >>> [apiv2][query] GET https://cloudresourcemanager.googleapis.com/v1/projects/wakefield-central-mosque [none]
[debug] [2025-09-28T13:22:03.161Z] <<< [apiv2][status] GET https://cloudresourcemanager.googleapis.com/v1/projects/wakefield-central-mosque 200
[debug] [2025-09-28T13:22:03.161Z] <<< [apiv2][body] GET https://cloudresourcemanager.googleapis.com/v1/projects/wakefield-central-mosque {"projectNumber":"998395111777","projectId":"wakefield-central-mosque","lifecycleState":"ACTIVE","name":"Wakefield Central Mosque","labels":{"firebase":"enabled","firebase-core":"disabled"},"createTime":"2025-08-25T18:11:07.432660Z","parent":{"type":"organization","id":"791625611458"}}
[info] i  functions: preparing codebase default for deployment 
[info] i  functions: ensuring required API cloudfunctions.googleapis.com is enabled... 
[info] i  functions: ensuring required API cloudbuild.googleapis.com is enabled... 
[info] i  artifactregistry: ensuring required API artifactregistry.googleapis.com is enabled... 
[debug] [2025-09-28T13:22:03.165Z] Checked if tokens are valid: true, expires at: 1759069311320
[debug] [2025-09-28T13:22:03.165Z] Checked if tokens are valid: true, expires at: 1759069311320
[debug] [2025-09-28T13:22:03.165Z] >>> [apiv2][query] GET https://firebase.googleapis.com/v1beta1/projects/wakefield-central-mosque/adminSdkConfig [none]
[debug] [2025-09-28T13:22:03.582Z] <<< [apiv2][status] GET https://firebase.googleapis.com/v1beta1/projects/wakefield-central-mosque/adminSdkConfig 200
[debug] [2025-09-28T13:22:03.582Z] <<< [apiv2][body] GET https://firebase.googleapis.com/v1beta1/projects/wakefield-central-mosque/adminSdkConfig {"projectId":"wakefield-central-mosque","storageBucket":"wakefield-central-mosque.firebasestorage.app"}
[debug] [2025-09-28T13:22:03.583Z] Checked if tokens are valid: true, expires at: 1759069311320
[debug] [2025-09-28T13:22:03.583Z] Checked if tokens are valid: true, expires at: 1759069311320
[debug] [2025-09-28T13:22:03.583Z] >>> [apiv2][query] GET https://runtimeconfig.googleapis.com/v1beta1/projects/wakefield-central-mosque/configs [none]
[debug] [2025-09-28T13:22:03.987Z] <<< [apiv2][status] GET https://runtimeconfig.googleapis.com/v1beta1/projects/wakefield-central-mosque/configs 200
[debug] [2025-09-28T13:22:03.987Z] <<< [apiv2][body] GET https://runtimeconfig.googleapis.com/v1beta1/projects/wakefield-central-mosque/configs {}
[debug] [2025-09-28T13:22:03.990Z] Validating nodejs source
[debug] [2025-09-28T13:22:04.958Z] > [functions] package.json contents: {
  "name": "functions",
  "description": "Cloud Functions for Firebase",
  "main": "index.js",
  "dependencies": {
    "firebase-admin": "^13.5.0",
    "firebase-functions": "^6.4.0"
  },
  "engines": {
    "node": "22"
  },
  "private": true
}
[debug] [2025-09-28T13:22:04.958Z] Building nodejs source
[info] i  functions: Loading and analyzing source code for codebase default to determine what to deploy 
[debug] [2025-09-28T13:22:04.959Z] Could not find functions.yaml. Must use http discovery
[debug] [2025-09-28T13:22:04.966Z] Found firebase-functions binary at 'C:\Users\Madrasa\Downloads\WCM\functions\node_modules\.bin\firebase-functions'
[info] Serving at port 8207

[debug] [2025-09-28T13:22:05.542Z] Got response from /__/functions.yaml {"endpoints":{"dailyRescheduleTrigger":{"availableMemoryMb":null,"timeoutSeconds":null,"minInstances":null,"maxInstances":null,"ingressSettings":null,"concurrency":null,"serviceAccountEmail":null,"vpc":null,"platform":"gcfv2","labels":{},"scheduleTrigger":{"schedule":"5 1 * * *","retryConfig":{},"timeZone":"Europe/London"},"entryPoint":"dailyRescheduleTrigger"},"triggerJamaatRescheduleOnUpdate":{"availableMemoryMb":null,"timeoutSeconds":null,"minInstances":null,"maxInstances":null,"ingressSettings":null,"concurrency":null,"serviceAccountEmail":null,"vpc":null,"platform":"gcfv2","labels":{},"eventTrigger":{"eventType":"google.cloud.firestore.document.v1.updated","eventFilters":{"database":"(default)","namespace":"(default)","document":"artifacts/masjid-connect-app/public/data/prayerTimes/today"},"eventFilterPathPatterns":{},"retry":false},"entryPoint":"triggerJamaatRescheduleOnUpdate"},"sendAnnouncementNotification":{"availableMemoryMb":null,"timeoutSeconds":null,"minInstances":null,"maxInstances":null,"ingressSettings":null,"concurrency":null,"serviceAccountEmail":null,"vpc":null,"platform":"gcfv2","labels":{},"eventTrigger":{"eventType":"google.cloud.firestore.document.v1.created","eventFilters":{"database":"(default)","namespace":"(default)"},"eventFilterPathPatterns":{"document":"artifacts/masjid-connect-app/public/data/announcements/{announcementId}"},"retry":false},"entryPoint":"sendAnnouncementNotification"}},"specVersion":"v1alpha1","requiredAPIs":[{"api":"cloudscheduler.googleapis.com","reason":"Needed for scheduled functions."}],"extensions":{}}
[info] i  extensions: ensuring required API firebaseextensions.googleapis.com is enabled... 
[debug] [2025-09-28T13:22:09.574Z] > command requires scopes: ["email","openid","https://www.googleapis.com/auth/cloudplatformprojects.readonly","https://www.googleapis.com/auth/firebase","https://www.googleapis.com/auth/cloud-platform"]
[debug] [2025-09-28T13:22:09.574Z] > authorizing via signed-in user (admin@wakefieldcentralmosque.co.uk)
[debug] [2025-09-28T13:22:09.574Z] [iam] checking project wakefield-central-mosque for permissions ["firebase.projects.get","firebaseextensions.instances.list"]
[debug] [2025-09-28T13:22:09.575Z] Checked if tokens are valid: true, expires at: 1759069311320
[debug] [2025-09-28T13:22:09.575Z] Checked if tokens are valid: true, expires at: 1759069311320
[debug] [2025-09-28T13:22:09.575Z] >>> [apiv2][query] POST https://cloudresourcemanager.googleapis.com/v1/projects/wakefield-central-mosque:testIamPermissions [none]
[debug] [2025-09-28T13:22:09.575Z] >>> [apiv2][(partial)header] POST https://cloudresourcemanager.googleapis.com/v1/projects/wakefield-central-mosque:testIamPermissions x-goog-quota-user=projects/wakefield-central-mosque
[debug] [2025-09-28T13:22:09.575Z] >>> [apiv2][body] POST https://cloudresourcemanager.googleapis.com/v1/projects/wakefield-central-mosque:testIamPermissions {"permissions":["firebase.projects.get","firebaseextensions.instances.list"]}
[debug] [2025-09-28T13:22:10.282Z] <<< [apiv2][status] POST https://cloudresourcemanager.googleapis.com/v1/projects/wakefield-central-mosque:testIamPermissions 200
[debug] [2025-09-28T13:22:10.282Z] <<< [apiv2][body] POST https://cloudresourcemanager.googleapis.com/v1/projects/wakefield-central-mosque:testIamPermissions {"permissions":["firebase.projects.get","firebaseextensions.instances.list"]}
[debug] [2025-09-28T13:22:10.283Z] Checked if tokens are valid: true, expires at: 1759069311320
[debug] [2025-09-28T13:22:10.283Z] Checked if tokens are valid: true, expires at: 1759069311320
[debug] [2025-09-28T13:22:10.283Z] >>> [apiv2][query] GET https://firebaseextensions.googleapis.com/v1beta/projects/wakefield-central-mosque/instances pageSize=100&pageToken=
[debug] [2025-09-28T13:22:11.066Z] <<< [apiv2][status] GET https://firebaseextensions.googleapis.com/v1beta/projects/wakefield-central-mosque/instances 200
[debug] [2025-09-28T13:22:11.066Z] <<< [apiv2][body] GET https://firebaseextensions.googleapis.com/v1beta/projects/wakefield-central-mosque/instances {}
[info] i  functions: preparing functions directory for uploading... 
[info] i  functions: packaged C:\Users\Madrasa\Downloads\WCM\functions (30.89 KB) for uploading 
[debug] [2025-09-28T13:22:11.099Z] Checked if tokens are valid: true, expires at: 1759069311320
[debug] [2025-09-28T13:22:11.099Z] Checked if tokens are valid: true, expires at: 1759069311320
[debug] [2025-09-28T13:22:11.099Z] >>> [apiv2][query] GET https://cloudfunctions.googleapis.com/v1/projects/wakefield-central-mosque/locations/-/functions [none]
[debug] [2025-09-28T13:22:11.827Z] <<< [apiv2][status] GET https://cloudfunctions.googleapis.com/v1/projects/wakefield-central-mosque/locations/-/functions 200
[debug] [2025-09-28T13:22:11.827Z] <<< [apiv2][body] GET https://cloudfunctions.googleapis.com/v1/projects/wakefield-central-mosque/locations/-/functions {}
[debug] [2025-09-28T13:22:11.827Z] Checked if tokens are valid: true, expires at: 1759069311320
[debug] [2025-09-28T13:22:11.828Z] Checked if tokens are valid: true, expires at: 1759069311320
[debug] [2025-09-28T13:22:11.828Z] >>> [apiv2][query] GET https://cloudfunctions.googleapis.com/v2/projects/wakefield-central-mosque/locations/-/functions filter=environment%3D%22GEN_2%22
[debug] [2025-09-28T13:22:12.917Z] <<< [apiv2][status] GET https://cloudfunctions.googleapis.com/v2/projects/wakefield-central-mosque/locations/-/functions 200
[debug] [2025-09-28T13:22:12.917Z] <<< [apiv2][body] GET https://cloudfunctions.googleapis.com/v2/projects/wakefield-central-mosque/locations/-/functions {"functions":[{"name":"projects/wakefield-central-mosque/locations/us-central1/functions/dailyRescheduleTrigger","buildConfig":{"build":"projects/998395111777/locations/us-central1/builds/d650c56f-d191-435e-8083-68a289d3d60b","runtime":"nodejs22","entryPoint":"dailyRescheduleTrigger","source":{"storageSource":{"bucket":"gcf-v2-sources-998395111777-us-central1","object":"dailyRescheduleTrigger/function-source.zip","generation":"1759032314249828"}},"environmentVariables":{"GOOGLE_NODE_RUN_SCRIPTS":""},"dockerRepository":"projects/wakefield-central-mosque/locations/us-central1/repositories/gcf-artifacts","sourceProvenance":{"resolvedStorageSource":{"bucket":"gcf-v2-sources-998395111777-us-central1","object":"dailyRescheduleTrigger/function-source.zip","generation":"1759032314249828"}},"dockerRegistry":"ARTIFACT_REGISTRY","serviceAccount":"projects/wakefield-central-mosque/serviceAccounts/998395111777-compute@developer.gserviceaccount.com","automaticUpdatePolicy":{}},"serviceConfig":{"service":"projects/wakefield-central-mosque/locations/us-central1/services/dailyrescheduletrigger","timeoutSeconds":60,"environmentVariables":{"FIREBASE_CONFIG":"{\"projectId\":\"wakefield-central-mosque\",\"storageBucket\":\"wakefield-central-mosque.firebasestorage.app\"}","GCLOUD_PROJECT":"wakefield-central-mosque","EVENTARC_CLOUD_EVENT_SOURCE":"projects/wakefield-central-mosque/locations/us-central1/services/dailyRescheduleTrigger","FUNCTION_TARGET":"dailyRescheduleTrigger","LOG_EXECUTION_ID":"true"},"maxInstanceCount":20,"ingressSettings":"ALLOW_ALL","uri":"https://dailyrescheduletrigger-hdvpmqysfa-uc.a.run.app","serviceAccountEmail":"998395111777-compute@developer.gserviceaccount.com","availableMemory":"256Mi","allTrafficOnLatestRevision":true,"revision":"dailyrescheduletrigger-00001-kis","maxInstanceRequestConcurrency":80,"availableCpu":"1"},"state":"ACTIVE","updateTime":"2025-09-28T04:06:11.401902717Z","labels":{"deployment-tool":"cli-firebase","deployment-scheduled":"true","firebase-functions-hash":"7f8f91ea2e8c35b6592b77b865e4792e6793ee8a"},"environment":"GEN_2","url":"https://us-central1-wakefield-central-mosque.cloudfunctions.net/dailyRescheduleTrigger","createTime":"2025-09-28T04:05:14.655409827Z","satisfiesPzi":true},{"name":"projects/wakefield-central-mosque/locations/us-central1/functions/triggerJamaatRescheduleOnUpdate","buildConfig":{"build":"projects/998395111777/locations/us-central1/builds/d650c56f-d191-435e-8083-68a289d3d60b","runtime":"nodejs22","entryPoint":"triggerJamaatRescheduleOnUpdate","source":{"storageSource":{"bucket":"gcf-v2-sources-998395111777-us-central1","object":"triggerJamaatRescheduleOnUpdate/function-source.zip","generation":"1759032357971481"}},"environmentVariables":{"GOOGLE_NODE_RUN_SCRIPTS":""},"dockerRepository":"projects/wakefield-central-mosque/locations/us-central1/repositories/gcf-artifacts","sourceProvenance":{"resolvedStorageSource":{"bucket":"gcf-v2-sources-998395111777-us-central1","object":"triggerJamaatRescheduleOnUpdate/function-source.zip","generation":"1759032357971481"}},"dockerRegistry":"ARTIFACT_REGISTRY","serviceAccount":"projects/wakefield-central-mosque/serviceAccounts/998395111777-compute@developer.gserviceaccount.com","automaticUpdatePolicy":{}},"serviceConfig":{"service":"projects/wakefield-central-mosque/locations/us-central1/services/triggerjamaatrescheduleonupdate","timeoutSeconds":60,"environmentVariables":{"FIREBASE_CONFIG":"{\"projectId\":\"wakefield-central-mosque\",\"storageBucket\":\"wakefield-central-mosque.firebasestorage.app\"}","GCLOUD_PROJECT":"wakefield-central-mosque","EVENTARC_CLOUD_EVENT_SOURCE":"projects/wakefield-central-mosque/locations/us-central1/services/triggerJamaatRescheduleOnUpdate","FUNCTION_SIGNATURE_TYPE":"cloudevent","FUNCTION_TARGET":"triggerJamaatRescheduleOnUpdate","LOG_EXECUTION_ID":"true"},"maxInstanceCount":20,"ingressSettings":"ALLOW_ALL","uri":"https://triggerjamaatrescheduleonupdate-hdvpmqysfa-uc.a.run.app","serviceAccountEmail":"998395111777-compute@developer.gserviceaccount.com","availableMemory":"256Mi","allTrafficOnLatestRevision":true,"revision":"triggerjamaatrescheduleonupdate-00001-xag","maxInstanceRequestConcurrency":80,"availableCpu":"1"},"eventTrigger":{"trigger":"projects/wakefield-central-mosque/locations/eur3/triggers/triggerjamaatrescheduleonupdate-487555","triggerRegion":"eur3","eventType":"google.cloud.firestore.document.v1.updated","eventFilters":[{"attribute":"namespace","value":"(default)"},{"attribute":"document","value":"artifacts/masjid-connect-app/public/data/prayerTimes/today"},{"attribute":"database","value":"(default)"}],"pubsubTopic":"projects/wakefield-central-mosque/topics/eventarc-eur3-triggerjamaatrescheduleonupdate-487555-504","serviceAccountEmail":"998395111777-compute@developer.gserviceaccount.com","retryPolicy":"RETRY_POLICY_DO_NOT_RETRY"},"state":"ACTIVE","updateTime":"2025-09-28T04:06:28.360710780Z","labels":{"firebase-functions-hash":"7f8f91ea2e8c35b6592b77b865e4792e6793ee8a","deployment-tool":"cli-firebase"},"environment":"GEN_2","url":"https://us-central1-wakefield-central-mosque.cloudfunctions.net/triggerJamaatRescheduleOnUpdate","createTime":"2025-09-28T04:05:58.811419002Z","satisfiesPzi":true},{"name":"projects/wakefield-central-mosque/locations/us-central1/functions/sendAnnouncementNotification","buildConfig":{"build":"projects/998395111777/locations/us-central1/builds/d650c56f-d191-435e-8083-68a289d3d60b","runtime":"nodejs22","entryPoint":"sendAnnouncementNotification","source":{"storageSource":{"bucket":"gcf-v2-sources-998395111777-us-central1","object":"sendAnnouncementNotification/function-source.zip","generation":"1759032359190038"}},"environmentVariables":{"GOOGLE_NODE_RUN_SCRIPTS":""},"dockerRepository":"projects/wakefield-central-mosque/locations/us-central1/repositories/gcf-artifacts","sourceProvenance":{"resolvedStorageSource":{"bucket":"gcf-v2-sources-998395111777-us-central1","object":"sendAnnouncementNotification/function-source.zip","generation":"1759032359190038"}},"dockerRegistry":"ARTIFACT_REGISTRY","serviceAccount":"projects/wakefield-central-mosque/serviceAccounts/998395111777-compute@developer.gserviceaccount.com","automaticUpdatePolicy":{}},"serviceConfig":{"service":"projects/wakefield-central-mosque/locations/us-central1/services/sendannouncementnotification","timeoutSeconds":60,"environmentVariables":{"FIREBASE_CONFIG":"{\"projectId\":\"wakefield-central-mosque\",\"storageBucket\":\"wakefield-central-mosque.firebasestorage.app\"}","GCLOUD_PROJECT":"wakefield-central-mosque","EVENTARC_CLOUD_EVENT_SOURCE":"projects/wakefield-central-mosque/locations/us-central1/services/sendAnnouncementNotification","FUNCTION_SIGNATURE_TYPE":"cloudevent","FUNCTION_TARGET":"sendAnnouncementNotification","LOG_EXECUTION_ID":"true"},"maxInstanceCount":20,"ingressSettings":"ALLOW_ALL","uri":"https://sendannouncementnotification-hdvpmqysfa-uc.a.run.app","serviceAccountEmail":"998395111777-compute@developer.gserviceaccount.com","availableMemory":"256Mi","allTrafficOnLatestRevision":true,"revision":"sendannouncementnotification-00005-yum","maxInstanceRequestConcurrency":80,"availableCpu":"1"},"eventTrigger":{"trigger":"projects/wakefield-central-mosque/locations/eur3/triggers/sendannouncementnotification-643614","triggerRegion":"eur3","eventType":"google.cloud.firestore.document.v1.created","eventFilters":[{"attribute":"namespace","value":"(default)"},{"attribute":"document","value":"artifacts/masjid-connect-app/public/data/announcements/{announcementId}","operator":"match-path-pattern"},{"attribute":"database","value":"(default)"}],"pubsubTopic":"projects/wakefield-central-mosque/topics/eventarc-eur3-sendannouncementnotification-643614-547","serviceAccountEmail":"998395111777-compute@developer.gserviceaccount.com","retryPolicy":"RETRY_POLICY_DO_NOT_RETRY"},"state":"ACTIVE","updateTime":"2025-09-28T04:06:16.099304603Z","labels":{"deployment-tool":"cli-firebase","firebase-functions-hash":"7f8f91ea2e8c35b6592b77b865e4792e6793ee8a"},"environment":"GEN_2","url":"https://us-central1-wakefield-central-mosque.cloudfunctions.net/sendAnnouncementNotification","createTime":"2025-09-28T01:37:43.116434979Z","satisfiesPzi":true}]}
[debug] [2025-09-28T13:22:12.920Z] Checked if tokens are valid: true, expires at: 1759069311320
[debug] [2025-09-28T13:22:12.920Z] Checked if tokens are valid: true, expires at: 1759069311320
[debug] [2025-09-28T13:22:12.921Z] >>> [apiv2][query] GET https://firestore.googleapis.com/v1/projects/wakefield-central-mosque/databases/(default) [none]
[debug] [2025-09-28T13:22:13.191Z] <<< [apiv2][status] GET https://firestore.googleapis.com/v1/projects/wakefield-central-mosque/databases/(default) 200
[debug] [2025-09-28T13:22:13.191Z] <<< [apiv2][body] GET https://firestore.googleapis.com/v1/projects/wakefield-central-mosque/databases/(default) {"name":"projects/wakefield-central-mosque/databases/(default)","uid":"f6b4dd20-a076-41ab-a619-440d275ddddc","createTime":"2025-09-23T19:36:43.121461Z","updateTime":"2025-09-23T19:36:43.121461Z","locationId":"eur3","type":"FIRESTORE_NATIVE","concurrencyMode":"PESSIMISTIC","versionRetentionPeriod":"3600s","earliestVersionTime":"2025-09-28T12:22:13.177127Z","appEngineIntegrationMode":"DISABLED","keyPrefix":"e","pointInTimeRecoveryEnablement":"POINT_IN_TIME_RECOVERY_DISABLED","deleteProtectionState":"DELETE_PROTECTION_DISABLED","databaseEdition":"STANDARD","freeTier":true,"etag":"IL63psHG+48DMLfs2ZfQ+Y8D"}
[info] i  functions: ensuring required API cloudscheduler.googleapis.com is enabled... 
[info] i  functions: ensuring required API run.googleapis.com is enabled... 
[info] i  functions: ensuring required API eventarc.googleapis.com is enabled... 
[info] i  functions: ensuring required API pubsub.googleapis.com is enabled... 
[info] i  functions: ensuring required API storage.googleapis.com is enabled... 
[info] i  functions: generating the service identity for pubsub.googleapis.com... 
[debug] [2025-09-28T13:22:13.198Z] Checked if tokens are valid: true, expires at: 1759069311320
[debug] [2025-09-28T13:22:13.198Z] Checked if tokens are valid: true, expires at: 1759069311320
[info] i  functions: generating the service identity for eventarc.googleapis.com... 
[debug] [2025-09-28T13:22:13.198Z] Checked if tokens are valid: true, expires at: 1759069311320
[debug] [2025-09-28T13:22:13.198Z] Checked if tokens are valid: true, expires at: 1759069311320
[debug] [2025-09-28T13:22:13.198Z] >>> [apiv2][query] POST https://serviceusage.googleapis.com/v1beta1/projects/998395111777/services/pubsub.googleapis.com:generateServiceIdentity [none]
[debug] [2025-09-28T13:22:13.199Z] >>> [apiv2][(partial)header] POST https://serviceusage.googleapis.com/v1beta1/projects/998395111777/services/pubsub.googleapis.com:generateServiceIdentity x-goog-quota-user=projects/998395111777
[debug] [2025-09-28T13:22:13.199Z] >>> [apiv2][body] POST https://serviceusage.googleapis.com/v1beta1/projects/998395111777/services/pubsub.googleapis.com:generateServiceIdentity {}
[debug] [2025-09-28T13:22:13.200Z] >>> [apiv2][query] POST https://serviceusage.googleapis.com/v1beta1/projects/998395111777/services/eventarc.googleapis.com:generateServiceIdentity [none]
[debug] [2025-09-28T13:22:13.200Z] >>> [apiv2][(partial)header] POST https://serviceusage.googleapis.com/v1beta1/projects/998395111777/services/eventarc.googleapis.com:generateServiceIdentity x-goog-quota-user=projects/998395111777
[debug] [2025-09-28T13:22:13.200Z] >>> [apiv2][body] POST https://serviceusage.googleapis.com/v1beta1/projects/998395111777/services/eventarc.googleapis.com:generateServiceIdentity {}
[debug] [2025-09-28T13:22:14.133Z] <<< [apiv2][status] POST https://serviceusage.googleapis.com/v1beta1/projects/998395111777/services/pubsub.googleapis.com:generateServiceIdentity 200
[debug] [2025-09-28T13:22:14.133Z] <<< [apiv2][body] POST https://serviceusage.googleapis.com/v1beta1/projects/998395111777/services/pubsub.googleapis.com:generateServiceIdentity {"name":"operations/finished.DONE_OPERATION","done":true,"response":{"@type":"type.googleapis.com/google.api.serviceusage.v1beta1.ServiceIdentity","email":"service-998395111777@gcp-sa-pubsub.iam.gserviceaccount.com","uniqueId":"112853330922305402288"}}
[debug] [2025-09-28T13:22:14.195Z] <<< [apiv2][status] POST https://serviceusage.googleapis.com/v1beta1/projects/998395111777/services/eventarc.googleapis.com:generateServiceIdentity 200
[debug] [2025-09-28T13:22:14.195Z] <<< [apiv2][body] POST https://serviceusage.googleapis.com/v1beta1/projects/998395111777/services/eventarc.googleapis.com:generateServiceIdentity {"name":"operations/finished.DONE_OPERATION","done":true,"response":{"@type":"type.googleapis.com/google.api.serviceusage.v1beta1.ServiceIdentity","email":"service-998395111777@gcp-sa-eventarc.iam.gserviceaccount.com","uniqueId":"111327436312696895495"}}
[debug] [2025-09-28T13:22:14.198Z] Checked if tokens are valid: true, expires at: 1759069311320
[debug] [2025-09-28T13:22:14.198Z] Checked if tokens are valid: true, expires at: 1759069311320
[debug] [2025-09-28T13:22:14.198Z] >>> [apiv2][query] GET https://cloudresourcemanager.googleapis.com/v1/projects/wakefield-central-mosque [none]
[debug] [2025-09-28T13:22:14.404Z] <<< [apiv2][status] GET https://cloudresourcemanager.googleapis.com/v1/projects/wakefield-central-mosque 200
[debug] [2025-09-28T13:22:14.404Z] <<< [apiv2][body] GET https://cloudresourcemanager.googleapis.com/v1/projects/wakefield-central-mosque {"projectNumber":"998395111777","projectId":"wakefield-central-mosque","lifecycleState":"ACTIVE","name":"Wakefield Central Mosque","labels":{"firebase":"enabled","firebase-core":"disabled"},"createTime":"2025-08-25T18:11:07.432660Z","parent":{"type":"organization","id":"791625611458"}}
[debug] [2025-09-28T13:22:14.405Z] Checked if tokens are valid: true, expires at: 1759069311320
[debug] [2025-09-28T13:22:14.405Z] Checked if tokens are valid: true, expires at: 1759069311320
[debug] [2025-09-28T13:22:14.405Z] >>> [apiv2][query] GET https://compute.googleapis.com/compute/v1/projects/998395111777 [none]
[debug] [2025-09-28T13:22:14.786Z] <<< [apiv2][status] GET https://compute.googleapis.com/compute/v1/projects/998395111777 403
[debug] [2025-09-28T13:22:14.787Z] <<< [apiv2][body] GET https://compute.googleapis.com/compute/v1/projects/998395111777 {"error":{"code":403,"message":"Compute Engine API has not been used in project 998395111777 before or it is disabled. Enable it by visiting https://console.developers.google.com/apis/api/compute.googleapis.com/overview?project=998395111777 then retry. If you enabled this API recently, wait a few minutes for the action to propagate to our systems and retry.","errors":[{"message":"Compute Engine API has not been used in project 998395111777 before or it is disabled. Enable it by visiting https://console.developers.google.com/apis/api/compute.googleapis.com/overview?project=998395111777 then retry. If you enabled this API recently, wait a few minutes for the action to propagate to our systems and retry.","domain":"usageLimits","reason":"accessNotConfigured","extendedHelp":"https://console.developers.google.com"}],"status":"PERMISSION_DENIED","details":[{"@type":"type.googleapis.com/google.rpc.ErrorInfo","reason":"SERVICE_DISABLED","domain":"googleapis.com","metadata":{"containerInfo":"998395111777","service":"compute.googleapis.com","serviceTitle":"Compute Engine API","activationUrl":"https://console.developers.google.com/apis/api/compute.googleapis.com/overview?project=998395111777","consumer":"projects/998395111777"}},{"@type":"type.googleapis.com/google.rpc.LocalizedMessage","locale":"en-US","message":"Compute Engine API has not been used in project 998395111777 before or it is disabled. Enable it by visiting https://console.developers.google.com/apis/api/compute.googleapis.com/overview?project=998395111777 then retry. If you enabled this API recently, wait a few minutes for the action to propagate to our systems and retry."},{"@type":"type.googleapis.com/google.rpc.Help","links":[{"description":"Google developers console API activation","url":"https://console.developers.google.com/apis/api/compute.googleapis.com/overview?project=998395111777"}]}]}}
[debug] [2025-09-28T13:22:14.787Z] unable to look up default compute service account. Falling back to 998395111777-compute@developer.gserviceaccount.com. Error: {"name":"FirebaseError","children":[],"context":{"body":{"error":{"code":403,"message":"Compute Engine API has not been used in project 998395111777 before or it is disabled. Enable it by visiting https://console.developers.google.com/apis/api/compute.googleapis.com/overview?project=998395111777 then retry. If you enabled this API recently, wait a few minutes for the action to propagate to our systems and retry.","errors":[{"message":"Compute Engine API has not been used in project 998395111777 before or it is disabled. Enable it by visiting https://console.developers.google.com/apis/api/compute.googleapis.com/overview?project=998395111777 then retry. If you enabled this API recently, wait a few minutes for the action to propagate to our systems and retry.","domain":"usageLimits","reason":"accessNotConfigured","extendedHelp":"https://console.developers.google.com"}],"status":"PERMISSION_DENIED","details":[{"@type":"type.googleapis.com/google.rpc.ErrorInfo","reason":"SERVICE_DISABLED","domain":"googleapis.com","metadata":{"containerInfo":"998395111777","service":"compute.googleapis.com","serviceTitle":"Compute Engine API","activationUrl":"https://console.developers.google.com/apis/api/compute.googleapis.com/overview?project=998395111777","consumer":"projects/998395111777"}},{"@type":"type.googleapis.com/google.rpc.LocalizedMessage","locale":"en-US","message":"Compute Engine API has not been used in project 998395111777 before or it is disabled. Enable it by visiting https://console.developers.google.com/apis/api/compute.googleapis.com/overview?project=998395111777 then retry. If you enabled this API recently, wait a few minutes for the action to propagate to our systems and retry."},{"@type":"type.googleapis.com/google.rpc.Help","links":[{"description":"Google developers console API activation","url":"https://console.developers.google.com/apis/api/compute.googleapis.com/overview?project=998395111777"}]}]}},"response":{"statusCode":403}},"exit":1,"message":"Request to https://compute.googleapis.com/compute/v1/projects/998395111777 had HTTP Error: 403, Compute Engine API has not been used in project 998395111777 before or it is disabled. Enable it by visiting https://console.developers.google.com/apis/api/compute.googleapis.com/overview?project=998395111777 then retry. If you enabled this API recently, wait a few minutes for the action to propagate to our systems and retry.","status":403}
[debug] [2025-09-28T13:22:14.788Z] Checked if tokens are valid: true, expires at: 1759069311320
[debug] [2025-09-28T13:22:14.788Z] Checked if tokens are valid: true, expires at: 1759069311320
[debug] [2025-09-28T13:22:14.788Z] >>> [apiv2][query] GET https://compute.googleapis.com/compute/v1/projects/998395111777 [none]
[debug] [2025-09-28T13:22:14.958Z] <<< [apiv2][status] GET https://compute.googleapis.com/compute/v1/projects/998395111777 403
[debug] [2025-09-28T13:22:14.958Z] <<< [apiv2][body] GET https://compute.googleapis.com/compute/v1/projects/998395111777 {"error":{"code":403,"message":"Compute Engine API has not been used in project 998395111777 before or it is disabled. Enable it by visiting https://console.developers.google.com/apis/api/compute.googleapis.com/overview?project=998395111777 then retry. If you enabled this API recently, wait a few minutes for the action to propagate to our systems and retry.","errors":[{"message":"Compute Engine API has not been used in project 998395111777 before or it is disabled. Enable it by visiting https://console.developers.google.com/apis/api/compute.googleapis.com/overview?project=998395111777 then retry. If you enabled this API recently, wait a few minutes for the action to propagate to our systems and retry.","domain":"usageLimits","reason":"accessNotConfigured","extendedHelp":"https://console.developers.google.com"}],"status":"PERMISSION_DENIED","details":[{"@type":"type.googleapis.com/google.rpc.ErrorInfo","reason":"SERVICE_DISABLED","domain":"googleapis.com","metadata":{"serviceTitle":"Compute Engine API","service":"compute.googleapis.com","activationUrl":"https://console.developers.google.com/apis/api/compute.googleapis.com/overview?project=998395111777","consumer":"projects/998395111777","containerInfo":"998395111777"}},{"@type":"type.googleapis.com/google.rpc.LocalizedMessage","locale":"en-US","message":"Compute Engine API has not been used in project 998395111777 before or it is disabled. Enable it by visiting https://console.developers.google.com/apis/api/compute.googleapis.com/overview?project=998395111777 then retry. If you enabled this API recently, wait a few minutes for the action to propagate to our systems and retry."},{"@type":"type.googleapis.com/google.rpc.Help","links":[{"description":"Google developers console API activation","url":"https://console.developers.google.com/apis/api/compute.googleapis.com/overview?project=998395111777"}]}]}}
[debug] [2025-09-28T13:22:14.958Z] unable to look up default compute service account. Falling back to 998395111777-compute@developer.gserviceaccount.com. Error: {"name":"FirebaseError","children":[],"context":{"body":{"error":{"code":403,"message":"Compute Engine API has not been used in project 998395111777 before or it is disabled. Enable it by visiting https://console.developers.google.com/apis/api/compute.googleapis.com/overview?project=998395111777 then retry. If you enabled this API recently, wait a few minutes for the action to propagate to our systems and retry.","errors":[{"message":"Compute Engine API has not been used in project 998395111777 before or it is disabled. Enable it by visiting https://console.developers.google.com/apis/api/compute.googleapis.com/overview?project=998395111777 then retry. If you enabled this API recently, wait a few minutes for the action to propagate to our systems and retry.","domain":"usageLimits","reason":"accessNotConfigured","extendedHelp":"https://console.developers.google.com"}],"status":"PERMISSION_DENIED","details":[{"@type":"type.googleapis.com/google.rpc.ErrorInfo","reason":"SERVICE_DISABLED","domain":"googleapis.com","metadata":{"serviceTitle":"Compute Engine API","service":"compute.googleapis.com","activationUrl":"https://console.developers.google.com/apis/api/compute.googleapis.com/overview?project=998395111777","consumer":"projects/998395111777","containerInfo":"998395111777"}},{"@type":"type.googleapis.com/google.rpc.LocalizedMessage","locale":"en-US","message":"Compute Engine API has not been used in project 998395111777 before or it is disabled. Enable it by visiting https://console.developers.google.com/apis/api/compute.googleapis.com/overview?project=998395111777 then retry. If you enabled this API recently, wait a few minutes for the action to propagate to our systems and retry."},{"@type":"type.googleapis.com/google.rpc.Help","links":[{"description":"Google developers console API activation","url":"https://console.developers.google.com/apis/api/compute.googleapis.com/overview?project=998395111777"}]}]}},"response":{"statusCode":403}},"exit":1,"message":"Request to https://compute.googleapis.com/compute/v1/projects/998395111777 had HTTP Error: 403, Compute Engine API has not been used in project 998395111777 before or it is disabled. Enable it by visiting https://console.developers.google.com/apis/api/compute.googleapis.com/overview?project=998395111777 then retry. If you enabled this API recently, wait a few minutes for the action to propagate to our systems and retry.","status":403}
[debug] [2025-09-28T13:22:14.958Z] Checked if tokens are valid: true, expires at: 1759069311320
[debug] [2025-09-28T13:22:14.958Z] Checked if tokens are valid: true, expires at: 1759069311320
[debug] [2025-09-28T13:22:14.959Z] >>> [apiv2][query] GET https://compute.googleapis.com/compute/v1/projects/998395111777 [none]
[debug] [2025-09-28T13:22:15.125Z] <<< [apiv2][status] GET https://compute.googleapis.com/compute/v1/projects/998395111777 403
[debug] [2025-09-28T13:22:15.125Z] <<< [apiv2][body] GET https://compute.googleapis.com/compute/v1/projects/998395111777 {"error":{"code":403,"message":"Compute Engine API has not been used in project 998395111777 before or it is disabled. Enable it by visiting https://console.developers.google.com/apis/api/compute.googleapis.com/overview?project=998395111777 then retry. If you enabled this API recently, wait a few minutes for the action to propagate to our systems and retry.","errors":[{"message":"Compute Engine API has not been used in project 998395111777 before or it is disabled. Enable it by visiting https://console.developers.google.com/apis/api/compute.googleapis.com/overview?project=998395111777 then retry. If you enabled this API recently, wait a few minutes for the action to propagate to our systems and retry.","domain":"usageLimits","reason":"accessNotConfigured","extendedHelp":"https://console.developers.google.com"}],"status":"PERMISSION_DENIED","details":[{"@type":"type.googleapis.com/google.rpc.ErrorInfo","reason":"SERVICE_DISABLED","domain":"googleapis.com","metadata":{"service":"compute.googleapis.com","activationUrl":"https://console.developers.google.com/apis/api/compute.googleapis.com/overview?project=998395111777","containerInfo":"998395111777","consumer":"projects/998395111777","serviceTitle":"Compute Engine API"}},{"@type":"type.googleapis.com/google.rpc.LocalizedMessage","locale":"en-US","message":"Compute Engine API has not been used in project 998395111777 before or it is disabled. Enable it by visiting https://console.developers.google.com/apis/api/compute.googleapis.com/overview?project=998395111777 then retry. If you enabled this API recently, wait a few minutes for the action to propagate to our systems and retry."},{"@type":"type.googleapis.com/google.rpc.Help","links":[{"description":"Google developers console API activation","url":"https://console.developers.google.com/apis/api/compute.googleapis.com/overview?project=998395111777"}]}]}}
[debug] [2025-09-28T13:22:15.125Z] unable to look up default compute service account. Falling back to 998395111777-compute@developer.gserviceaccount.com. Error: {"name":"FirebaseError","children":[],"context":{"body":{"error":{"code":403,"message":"Compute Engine API has not been used in project 998395111777 before or it is disabled. Enable it by visiting https://console.developers.google.com/apis/api/compute.googleapis.com/overview?project=998395111777 then retry. If you enabled this API recently, wait a few minutes for the action to propagate to our systems and retry.","errors":[{"message":"Compute Engine API has not been used in project 998395111777 before or it is disabled. Enable it by visiting https://console.developers.google.com/apis/api/compute.googleapis.com/overview?project=998395111777 then retry. If you enabled this API recently, wait a few minutes for the action to propagate to our systems and retry.","domain":"usageLimits","reason":"accessNotConfigured","extendedHelp":"https://console.developers.google.com"}],"status":"PERMISSION_DENIED","details":[{"@type":"type.googleapis.com/google.rpc.ErrorInfo","reason":"SERVICE_DISABLED","domain":"googleapis.com","metadata":{"service":"compute.googleapis.com","activationUrl":"https://console.developers.google.com/apis/api/compute.googleapis.com/overview?project=998395111777","containerInfo":"998395111777","consumer":"projects/998395111777","serviceTitle":"Compute Engine API"}},{"@type":"type.googleapis.com/google.rpc.LocalizedMessage","locale":"en-US","message":"Compute Engine API has not been used in project 998395111777 before or it is disabled. Enable it by visiting https://console.developers.google.com/apis/api/compute.googleapis.com/overview?project=998395111777 then retry. If you enabled this API recently, wait a few minutes for the action to propagate to our systems and retry."},{"@type":"type.googleapis.com/google.rpc.Help","links":[{"description":"Google developers console API activation","url":"https://console.developers.google.com/apis/api/compute.googleapis.com/overview?project=998395111777"}]}]}},"response":{"statusCode":403}},"exit":1,"message":"Request to https://compute.googleapis.com/compute/v1/projects/998395111777 had HTTP Error: 403, Compute Engine API has not been used in project 998395111777 before or it is disabled. Enable it by visiting https://console.developers.google.com/apis/api/compute.googleapis.com/overview?project=998395111777 then retry. If you enabled this API recently, wait a few minutes for the action to propagate to our systems and retry.","status":403}
[debug] [2025-09-28T13:22:15.127Z] Checked if tokens are valid: true, expires at: 1759069311320
[debug] [2025-09-28T13:22:15.127Z] Checked if tokens are valid: true, expires at: 1759069311320
[debug] [2025-09-28T13:22:15.127Z] >>> [apiv2][query] GET https://cloudbilling.googleapis.com/v1/projects/wakefield-central-mosque/billingInfo [none]
[debug] [2025-09-28T13:22:15.459Z] <<< [apiv2][status] GET https://cloudbilling.googleapis.com/v1/projects/wakefield-central-mosque/billingInfo 200
[debug] [2025-09-28T13:22:15.459Z] <<< [apiv2][body] GET https://cloudbilling.googleapis.com/v1/projects/wakefield-central-mosque/billingInfo {"name":"projects/wakefield-central-mosque/billingInfo","projectId":"wakefield-central-mosque","billingAccountName":"billingAccounts/015BC4-48128E-37031A","billingEnabled":true}
[debug] [2025-09-28T13:22:15.462Z] Checked if tokens are valid: true, expires at: 1759069311320
[debug] [2025-09-28T13:22:15.462Z] Checked if tokens are valid: true, expires at: 1759069311320
[debug] [2025-09-28T13:22:15.462Z] >>> [apiv2][query] POST https://cloudfunctions.googleapis.com/v2/projects/wakefield-central-mosque/locations/us-central1/functions:generateUploadUrl [none]
[debug] [2025-09-28T13:22:16.312Z] <<< [apiv2][status] POST https://cloudfunctions.googleapis.com/v2/projects/wakefield-central-mosque/locations/us-central1/functions:generateUploadUrl 200
[debug] [2025-09-28T13:22:16.312Z] <<< [apiv2][body] POST https://cloudfunctions.googleapis.com/v2/projects/wakefield-central-mosque/locations/us-central1/functions:generateUploadUrl {"uploadUrl":"https://storage.googleapis.com/gcf-v2-uploads-998395111777.us-central1.cloudfunctions.appspot.com/acb6460b-5b44-458e-a1c7-6370f3689feb.zip?GoogleAccessId=service-998395111777@gcf-admin-robot.iam.gserviceaccount.com&Expires=1759067536&Signature=PNdyy%2FBnrSWxUcJGZ32QUbDDF8xpNIh85y6UnBzq6IFq%2FC9JKpzThLqyDo%2BU7y9vqYWYlo6ASMbinvXMtKSng9YuS1XwQjgzEfhVOmg7hHXNDSjFyK3X1bCd%2B93ojekAN%2F8woK1awcoEWmrhNCNCfJkkM7sbctTLugW9mpfd%2B3U%2FodK0TcOstrH%2BJ4e6IVSdCyBO%2BIMSEJ%2FRJnAvoLTBMTCTZuQeNW3kP8SQQSZ11RsEvd10%2BWM78wcMo3UzephznoUtV4KN17Mpy%2Fh3T1IswIocRgeQXnFBiuKjqt5vOhJW6fvQe%2BbCKX6GxmyThWuJvFO7Xd4xOZX4ZaQzITR27w%3D%3D","storageSource":{"bucket":"gcf-v2-uploads-998395111777.us-central1.cloudfunctions.appspot.com","object":"acb6460b-5b44-458e-a1c7-6370f3689feb.zip"}}
[debug] [2025-09-28T13:22:16.312Z] >>> [apiv2][query] PUT https://storage.googleapis.com/gcf-v2-uploads-998395111777.us-central1.cloudfunctions.appspot.com/acb6460b-5b44-458e-a1c7-6370f3689feb.zip GoogleAccessId=service-998395111777%40gcf-admin-robot.iam.gserviceaccount.com&Expires=1759067536&Signature=PNdyy%2FBnrSWxUcJGZ32QUbDDF8xpNIh85y6UnBzq6IFq%2FC9JKpzThLqyDo%2BU7y9vqYWYlo6ASMbinvXMtKSng9YuS1XwQjgzEfhVOmg7hHXNDSjFyK3X1bCd%2B93ojekAN%2F8woK1awcoEWmrhNCNCfJkkM7sbctTLugW9mpfd%2B3U%2FodK0TcOstrH%2BJ4e6IVSdCyBO%2BIMSEJ%2FRJnAvoLTBMTCTZuQeNW3kP8SQQSZ11RsEvd10%2BWM78wcMo3UzephznoUtV4KN17Mpy%2Fh3T1IswIocRgeQXnFBiuKjqt5vOhJW6fvQe%2BbCKX6GxmyThWuJvFO7Xd4xOZX4ZaQzITR27w%3D%3D
[debug] [2025-09-28T13:22:16.312Z] >>> [apiv2][body] PUT https://storage.googleapis.com/gcf-v2-uploads-998395111777.us-central1.cloudfunctions.appspot.com/acb6460b-5b44-458e-a1c7-6370f3689feb.zip [stream]
[debug] [2025-09-28T13:22:17.189Z] <<< [apiv2][status] PUT https://storage.googleapis.com/gcf-v2-uploads-998395111777.us-central1.cloudfunctions.appspot.com/acb6460b-5b44-458e-a1c7-6370f3689feb.zip 200
[debug] [2025-09-28T13:22:17.189Z] <<< [apiv2][body] PUT https://storage.googleapis.com/gcf-v2-uploads-998395111777.us-central1.cloudfunctions.appspot.com/acb6460b-5b44-458e-a1c7-6370f3689feb.zip [omitted]
[info] +  functions: functions source uploaded successfully 
[info] i  functions: updating Node.js 22 (2nd Gen) function dailyRescheduleTrigger(us-central1)... 
[info] i  functions: updating Node.js 22 (2nd Gen) function triggerJamaatRescheduleOnUpdate(us-central1)... 
[info] i  functions: updating Node.js 22 (2nd Gen) function sendAnnouncementNotification(us-central1)... 
[debug] [2025-09-28T13:22:17.198Z] Checked if tokens are valid: true, expires at: 1759069311320
[debug] [2025-09-28T13:22:17.198Z] Checked if tokens are valid: true, expires at: 1759069311320
[debug] [2025-09-28T13:22:17.198Z] >>> [apiv2][query] PATCH https://cloudfunctions.googleapis.com/v2/projects/wakefield-central-mosque/locations/us-central1/functions/dailyRescheduleTrigger updateMask=name%2CbuildConfig.runtime%2CbuildConfig.entryPoint%2CbuildConfig.source.storageSource.bucket%2CbuildConfig.source.storageSource.object%2CbuildConfig.environmentVariables%2CbuildConfig.sourceToken%2CserviceConfig.environmentVariables%2CserviceConfig.ingressSettings%2CserviceConfig.timeoutSeconds%2CserviceConfig.serviceAccountEmail%2CserviceConfig.availableMemory%2CserviceConfig.minInstanceCount%2CserviceConfig.maxInstanceCount%2CserviceConfig.maxInstanceRequestConcurrency%2CserviceConfig.availableCpu%2CserviceConfig.vpcConnector%2CserviceConfig.vpcConnectorEgressSettings%2Clabels
[debug] [2025-09-28T13:22:17.198Z] >>> [apiv2][body] PATCH https://cloudfunctions.googleapis.com/v2/projects/wakefield-central-mosque/locations/us-central1/functions/dailyRescheduleTrigger {"name":"projects/wakefield-central-mosque/locations/us-central1/functions/dailyRescheduleTrigger","buildConfig":{"runtime":"nodejs22","entryPoint":"dailyRescheduleTrigger","source":{"storageSource":{"bucket":"gcf-v2-uploads-998395111777.us-central1.cloudfunctions.appspot.com","object":"acb6460b-5b44-458e-a1c7-6370f3689feb.zip"}},"environmentVariables":{"GOOGLE_NODE_RUN_SCRIPTS":""}},"serviceConfig":{"environmentVariables":{"FIREBASE_CONFIG":"{\"projectId\":\"wakefield-central-mosque\",\"storageBucket\":\"wakefield-central-mosque.firebasestorage.app\"}","GCLOUD_PROJECT":"wakefield-central-mosque","EVENTARC_CLOUD_EVENT_SOURCE":"projects/wakefield-central-mosque/locations/us-central1/services/dailyRescheduleTrigger","FUNCTION_TARGET":"dailyRescheduleTrigger","LOG_EXECUTION_ID":"true"},"ingressSettings":null,"timeoutSeconds":null,"serviceAccountEmail":null,"availableMemory":"256Mi","minInstanceCount":null,"maxInstanceCount":null,"maxInstanceRequestConcurrency":80,"availableCpu":"1","vpcConnector":null,"vpcConnectorEgressSettings":null},"labels":{"deployment-tool":"cli-firebase","deployment-scheduled":"true","firebase-functions-hash":"ae679f758ff34ca54f64f4f5016e1e808ec923da"}}
[debug] [2025-09-28T13:22:18.480Z] <<< [apiv2][status] PATCH https://cloudfunctions.googleapis.com/v2/projects/wakefield-central-mosque/locations/us-central1/functions/dailyRescheduleTrigger 200
[debug] [2025-09-28T13:22:18.481Z] <<< [apiv2][body] PATCH https://cloudfunctions.googleapis.com/v2/projects/wakefield-central-mosque/locations/us-central1/functions/dailyRescheduleTrigger {"name":"projects/wakefield-central-mosque/locations/us-central1/operations/operation-1759065737461-63fdc686afddd-caf551ee-1b350bf5","metadata":{"@type":"type.googleapis.com/google.cloud.functions.v2.OperationMetadata","createTime":"2025-09-28T13:22:18.386678646Z","target":"projects/wakefield-central-mosque/locations/us-central1/functions/dailyRescheduleTrigger","verb":"update","cancelRequested":false,"apiVersion":"v2"},"done":false}
[debug] [2025-09-28T13:22:18.482Z] Checked if tokens are valid: true, expires at: 1759069311320
[debug] [2025-09-28T13:22:18.482Z] Checked if tokens are valid: true, expires at: 1759069311320
[debug] [2025-09-28T13:22:18.482Z] >>> [apiv2][query] GET https://cloudfunctions.googleapis.com/v2/projects/wakefield-central-mosque/locations/us-central1/operations/operation-1759065737461-63fdc686afddd-caf551ee-1b350bf5 [none]
[debug] [2025-09-28T13:22:19.237Z] <<< [apiv2][status] GET https://cloudfunctions.googleapis.com/v2/projects/wakefield-central-mosque/locations/us-central1/operations/operation-1759065737461-63fdc686afddd-caf551ee-1b350bf5 200
[debug] [2025-09-28T13:22:19.237Z] <<< [apiv2][body] GET https://cloudfunctions.googleapis.com/v2/projects/wakefield-central-mosque/locations/us-central1/operations/operation-1759065737461-63fdc686afddd-caf551ee-1b350bf5 {"name":"projects/wakefield-central-mosque/locations/us-central1/operations/operation-1759065737461-63fdc686afddd-caf551ee-1b350bf5","metadata":{"@type":"type.googleapis.com/google.cloud.functions.v2.OperationMetadata","createTime":"2025-09-28T13:22:18.386678646Z","target":"projects/wakefield-central-mosque/locations/us-central1/functions/dailyRescheduleTrigger","verb":"update","cancelRequested":false,"apiVersion":"v2","requestResource":{"@type":"type.googleapis.com/google.cloud.functions.v2.Function","name":"projects/wakefield-central-mosque/locations/us-central1/functions/dailyRescheduleTrigger","buildConfig":{"runtime":"nodejs22","entryPoint":"dailyRescheduleTrigger","source":{"storageSource":{"bucket":"gcf-v2-sources-998395111777-us-central1","object":"dailyRescheduleTrigger/function-source.zip","generation":"1759065738283590"}},"environmentVariables":{"GOOGLE_NODE_RUN_SCRIPTS":""},"dockerRepository":"projects/wakefield-central-mosque/locations/us-central1/repositories/gcf-artifacts","sourceProvenance":{"resolvedStorageSource":{"bucket":"gcf-v2-sources-998395111777-us-central1","object":"dailyRescheduleTrigger/function-source.zip","generation":"1759032314249828"}},"dockerRegistry":"ARTIFACT_REGISTRY","serviceAccount":"projects/wakefield-central-mosque/serviceAccounts/998395111777-compute@developer.gserviceaccount.com","automaticUpdatePolicy":{}},"serviceConfig":{"service":"projects/wakefield-central-mosque/locations/us-central1/services/dailyrescheduletrigger","timeoutSeconds":60,"environmentVariables":{"FIREBASE_CONFIG":"{\"projectId\":\"wakefield-central-mosque\",\"storageBucket\":\"wakefield-central-mosque.firebasestorage.app\"}","GCLOUD_PROJECT":"wakefield-central-mosque","EVENTARC_CLOUD_EVENT_SOURCE":"projects/wakefield-central-mosque/locations/us-central1/services/dailyRescheduleTrigger","FUNCTION_TARGET":"dailyRescheduleTrigger","LOG_EXECUTION_ID":"true"},"ingressSettings":"ALLOW_ALL","uri":"https://dailyrescheduletrigger-hdvpmqysfa-uc.a.run.app","serviceAccountEmail":"998395111777-compute@developer.gserviceaccount.com","availableMemory":"256Mi","allTrafficOnLatestRevision":true,"revision":"dailyrescheduletrigger-00001-kis","maxInstanceRequestConcurrency":80,"availableCpu":"1"},"state":"ACTIVE","labels":{"deployment-tool":"cli-firebase","deployment-scheduled":"true","firebase-functions-hash":"ae679f758ff34ca54f64f4f5016e1e808ec923da"},"environment":"GEN_2","url":"https://us-central1-wakefield-central-mosque.cloudfunctions.net/dailyRescheduleTrigger","satisfiesPzi":true},"stages":[{"name":"BUILD","state":"NOT_STARTED"},{"name":"SERVICE","state":"NOT_STARTED"}],"operationType":"UPDATE_FUNCTION"},"done":false}
[debug] [2025-09-28T13:22:19.752Z] [update-default-us-central1-dailyRescheduleTrigger] Retrying task index 0
[debug] [2025-09-28T13:22:19.753Z] Checked if tokens are valid: true, expires at: 1759069311320
[debug] [2025-09-28T13:22:19.753Z] Checked if tokens are valid: true, expires at: 1759069311320
[debug] [2025-09-28T13:22:19.753Z] >>> [apiv2][query] GET https://cloudfunctions.googleapis.com/v2/projects/wakefield-central-mosque/locations/us-central1/operations/operation-1759065737461-63fdc686afddd-caf551ee-1b350bf5 [none]
[debug] [2025-09-28T13:22:20.518Z] <<< [apiv2][status] GET https://cloudfunctions.googleapis.com/v2/projects/wakefield-central-mosque/locations/us-central1/operations/operation-1759065737461-63fdc686afddd-caf551ee-1b350bf5 200
[debug] [2025-09-28T13:22:20.518Z] <<< [apiv2][body] GET https://cloudfunctions.googleapis.com/v2/projects/wakefield-central-mosque/locations/us-central1/operations/operation-1759065737461-63fdc686afddd-caf551ee-1b350bf5 {"name":"projects/wakefield-central-mosque/locations/us-central1/operations/operation-1759065737461-63fdc686afddd-caf551ee-1b350bf5","metadata":{"@type":"type.googleapis.com/google.cloud.functions.v2.OperationMetadata","createTime":"2025-09-28T13:22:18.386678646Z","target":"projects/wakefield-central-mosque/locations/us-central1/functions/dailyRescheduleTrigger","verb":"update","cancelRequested":false,"apiVersion":"v2","requestResource":{"@type":"type.googleapis.com/google.cloud.functions.v2.Function","name":"projects/wakefield-central-mosque/locations/us-central1/functions/dailyRescheduleTrigger","buildConfig":{"runtime":"nodejs22","entryPoint":"dailyRescheduleTrigger","source":{"storageSource":{"bucket":"gcf-v2-sources-998395111777-us-central1","object":"dailyRescheduleTrigger/function-source.zip","generation":"1759065738283590"}},"environmentVariables":{"GOOGLE_NODE_RUN_SCRIPTS":""},"dockerRepository":"projects/wakefield-central-mosque/locations/us-central1/repositories/gcf-artifacts","sourceProvenance":{"resolvedStorageSource":{"bucket":"gcf-v2-sources-998395111777-us-central1","object":"dailyRescheduleTrigger/function-source.zip","generation":"1759032314249828"}},"dockerRegistry":"ARTIFACT_REGISTRY","serviceAccount":"projects/wakefield-central-mosque/serviceAccounts/998395111777-compute@developer.gserviceaccount.com","automaticUpdatePolicy":{}},"serviceConfig":{"service":"projects/wakefield-central-mosque/locations/us-central1/services/dailyrescheduletrigger","timeoutSeconds":60,"environmentVariables":{"FIREBASE_CONFIG":"{\"projectId\":\"wakefield-central-mosque\",\"storageBucket\":\"wakefield-central-mosque.firebasestorage.app\"}","GCLOUD_PROJECT":"wakefield-central-mosque","EVENTARC_CLOUD_EVENT_SOURCE":"projects/wakefield-central-mosque/locations/us-central1/services/dailyRescheduleTrigger","FUNCTION_TARGET":"dailyRescheduleTrigger","LOG_EXECUTION_ID":"true"},"ingressSettings":"ALLOW_ALL","uri":"https://dailyrescheduletrigger-hdvpmqysfa-uc.a.run.app","serviceAccountEmail":"998395111777-compute@developer.gserviceaccount.com","availableMemory":"256Mi","allTrafficOnLatestRevision":true,"revision":"dailyrescheduletrigger-00001-kis","maxInstanceRequestConcurrency":80,"availableCpu":"1"},"state":"ACTIVE","labels":{"deployment-tool":"cli-firebase","deployment-scheduled":"true","firebase-functions-hash":"ae679f758ff34ca54f64f4f5016e1e808ec923da"},"environment":"GEN_2","url":"https://us-central1-wakefield-central-mosque.cloudfunctions.net/dailyRescheduleTrigger","satisfiesPzi":true},"stages":[{"name":"BUILD","message":"Build in progress","state":"IN_PROGRESS","resource":"projects/998395111777/locations/us-central1/builds/bf899f1d-8b28-40b1-9087-8f1c52faa5e7","resourceUri":"https://console.cloud.google.com/cloud-build/builds;region=us-central1/bf899f1d-8b28-40b1-9087-8f1c52faa5e7?project=998395111777"},{"name":"SERVICE","state":"NOT_STARTED"}],"operationType":"UPDATE_FUNCTION","buildName":"projects/998395111777/locations/us-central1/builds/bf899f1d-8b28-40b1-9087-8f1c52faa5e7"},"done":false}
[debug] [2025-09-28T13:22:21.524Z] [update-default-us-central1-dailyRescheduleTrigger] Retrying task index 0
[debug] [2025-09-28T13:22:21.525Z] Checked if tokens are valid: true, expires at: 1759069311320
[debug] [2025-09-28T13:22:21.525Z] Checked if tokens are valid: true, expires at: 1759069311320
[debug] [2025-09-28T13:22:21.525Z] >>> [apiv2][query] GET https://cloudfunctions.googleapis.com/v2/projects/wakefield-central-mosque/locations/us-central1/operations/operation-1759065737461-63fdc686afddd-caf551ee-1b350bf5 [none]
[debug] [2025-09-28T13:22:22.295Z] <<< [apiv2][status] GET https://cloudfunctions.googleapis.com/v2/projects/wakefield-central-mosque/locations/us-central1/operations/operation-1759065737461-63fdc686afddd-caf551ee-1b350bf5 200
[debug] [2025-09-28T13:22:22.295Z] <<< [apiv2][body] GET https://cloudfunctions.googleapis.com/v2/projects/wakefield-central-mosque/locations/us-central1/operations/operation-1759065737461-63fdc686afddd-caf551ee-1b350bf5 {"name":"projects/wakefield-central-mosque/locations/us-central1/operations/operation-1759065737461-63fdc686afddd-caf551ee-1b350bf5","metadata":{"@type":"type.googleapis.com/google.cloud.functions.v2.OperationMetadata","createTime":"2025-09-28T13:22:18.386678646Z","target":"projects/wakefield-central-mosque/locations/us-central1/functions/dailyRescheduleTrigger","verb":"update","cancelRequested":false,"apiVersion":"v2","requestResource":{"@type":"type.googleapis.com/google.cloud.functions.v2.Function","name":"projects/wakefield-central-mosque/locations/us-central1/functions/dailyRescheduleTrigger","buildConfig":{"runtime":"nodejs22","entryPoint":"dailyRescheduleTrigger","source":{"storageSource":{"bucket":"gcf-v2-sources-998395111777-us-central1","object":"dailyRescheduleTrigger/function-source.zip","generation":"1759065738283590"}},"environmentVariables":{"GOOGLE_NODE_RUN_SCRIPTS":""},"dockerRepository":"projects/wakefield-central-mosque/locations/us-central1/repositories/gcf-artifacts","sourceProvenance":{"resolvedStorageSource":{"bucket":"gcf-v2-sources-998395111777-us-central1","object":"dailyRescheduleTrigger/function-source.zip","generation":"1759032314249828"}},"dockerRegistry":"ARTIFACT_REGISTRY","serviceAccount":"projects/wakefield-central-mosque/serviceAccounts/998395111777-compute@developer.gserviceaccount.com","automaticUpdatePolicy":{}},"serviceConfig":{"service":"projects/wakefield-central-mosque/locations/us-central1/services/dailyrescheduletrigger","timeoutSeconds":60,"environmentVariables":{"FIREBASE_CONFIG":"{\"projectId\":\"wakefield-central-mosque\",\"storageBucket\":\"wakefield-central-mosque.firebasestorage.app\"}","GCLOUD_PROJECT":"wakefield-central-mosque","EVENTARC_CLOUD_EVENT_SOURCE":"projects/wakefield-central-mosque/locations/us-central1/services/dailyRescheduleTrigger","FUNCTION_TARGET":"dailyRescheduleTrigger","LOG_EXECUTION_ID":"true"},"ingressSettings":"ALLOW_ALL","uri":"https://dailyrescheduletrigger-hdvpmqysfa-uc.a.run.app","serviceAccountEmail":"998395111777-compute@developer.gserviceaccount.com","availableMemory":"256Mi","allTrafficOnLatestRevision":true,"revision":"dailyrescheduletrigger-00001-kis","maxInstanceRequestConcurrency":80,"availableCpu":"1"},"state":"ACTIVE","labels":{"deployment-tool":"cli-firebase","deployment-scheduled":"true","firebase-functions-hash":"ae679f758ff34ca54f64f4f5016e1e808ec923da"},"environment":"GEN_2","url":"https://us-central1-wakefield-central-mosque.cloudfunctions.net/dailyRescheduleTrigger","satisfiesPzi":true},"stages":[{"name":"BUILD","message":"Build in progress","state":"IN_PROGRESS","resource":"projects/998395111777/locations/us-central1/builds/bf899f1d-8b28-40b1-9087-8f1c52faa5e7","resourceUri":"https://console.cloud.google.com/cloud-build/builds;region=us-central1/bf899f1d-8b28-40b1-9087-8f1c52faa5e7?project=998395111777"},{"name":"SERVICE","state":"NOT_STARTED"}],"operationType":"UPDATE_FUNCTION","buildName":"projects/998395111777/locations/us-central1/builds/bf899f1d-8b28-40b1-9087-8f1c52faa5e7"},"done":false}
[debug] [2025-09-28T13:22:24.304Z] [update-default-us-central1-dailyRescheduleTrigger] Retrying task index 0
[debug] [2025-09-28T13:22:24.305Z] Checked if tokens are valid: true, expires at: 1759069311320
[debug] [2025-09-28T13:22:24.305Z] Checked if tokens are valid: true, expires at: 1759069311320
[debug] [2025-09-28T13:22:24.305Z] >>> [apiv2][query] GET https://cloudfunctions.googleapis.com/v2/projects/wakefield-central-mosque/locations/us-central1/operations/operation-1759065737461-63fdc686afddd-caf551ee-1b350bf5 [none]
[debug] [2025-09-28T13:22:25.307Z] <<< [apiv2][status] GET https://cloudfunctions.googleapis.com/v2/projects/wakefield-central-mosque/locations/us-central1/operations/operation-1759065737461-63fdc686afddd-caf551ee-1b350bf5 200
[debug] [2025-09-28T13:22:25.307Z] <<< [apiv2][body] GET https://cloudfunctions.googleapis.com/v2/projects/wakefield-central-mosque/locations/us-central1/operations/operation-1759065737461-63fdc686afddd-caf551ee-1b350bf5 {"name":"projects/wakefield-central-mosque/locations/us-central1/operations/operation-1759065737461-63fdc686afddd-caf551ee-1b350bf5","metadata":{"@type":"type.googleapis.com/google.cloud.functions.v2.OperationMetadata","createTime":"2025-09-28T13:22:18.386678646Z","target":"projects/wakefield-central-mosque/locations/us-central1/functions/dailyRescheduleTrigger","verb":"update","cancelRequested":false,"apiVersion":"v2","requestResource":{"@type":"type.googleapis.com/google.cloud.functions.v2.Function","name":"projects/wakefield-central-mosque/locations/us-central1/functions/dailyRescheduleTrigger","buildConfig":{"runtime":"nodejs22","entryPoint":"dailyRescheduleTrigger","source":{"storageSource":{"bucket":"gcf-v2-sources-998395111777-us-central1","object":"dailyRescheduleTrigger/function-source.zip","generation":"1759065738283590"}},"environmentVariables":{"GOOGLE_NODE_RUN_SCRIPTS":""},"dockerRepository":"projects/wakefield-central-mosque/locations/us-central1/repositories/gcf-artifacts","sourceProvenance":{"resolvedStorageSource":{"bucket":"gcf-v2-sources-998395111777-us-central1","object":"dailyRescheduleTrigger/function-source.zip","generation":"1759032314249828"}},"dockerRegistry":"ARTIFACT_REGISTRY","serviceAccount":"projects/wakefield-central-mosque/serviceAccounts/998395111777-compute@developer.gserviceaccount.com","automaticUpdatePolicy":{}},"serviceConfig":{"service":"projects/wakefield-central-mosque/locations/us-central1/services/dailyrescheduletrigger","timeoutSeconds":60,"environmentVariables":{"FIREBASE_CONFIG":"{\"projectId\":\"wakefield-central-mosque\",\"storageBucket\":\"wakefield-central-mosque.firebasestorage.app\"}","GCLOUD_PROJECT":"wakefield-central-mosque","EVENTARC_CLOUD_EVENT_SOURCE":"projects/wakefield-central-mosque/locations/us-central1/services/dailyRescheduleTrigger","FUNCTION_TARGET":"dailyRescheduleTrigger","LOG_EXECUTION_ID":"true"},"ingressSettings":"ALLOW_ALL","uri":"https://dailyrescheduletrigger-hdvpmqysfa-uc.a.run.app","serviceAccountEmail":"998395111777-compute@developer.gserviceaccount.com","availableMemory":"256Mi","allTrafficOnLatestRevision":true,"revision":"dailyrescheduletrigger-00001-kis","maxInstanceRequestConcurrency":80,"availableCpu":"1"},"state":"ACTIVE","labels":{"deployment-tool":"cli-firebase","deployment-scheduled":"true","firebase-functions-hash":"ae679f758ff34ca54f64f4f5016e1e808ec923da"},"environment":"GEN_2","url":"https://us-central1-wakefield-central-mosque.cloudfunctions.net/dailyRescheduleTrigger","satisfiesPzi":true},"stages":[{"name":"BUILD","message":"Build in progress","state":"IN_PROGRESS","resource":"projects/998395111777/locations/us-central1/builds/bf899f1d-8b28-40b1-9087-8f1c52faa5e7","resourceUri":"https://console.cloud.google.com/cloud-build/builds;region=us-central1/bf899f1d-8b28-40b1-9087-8f1c52faa5e7?project=998395111777"},{"name":"SERVICE","state":"NOT_STARTED"}],"operationType":"UPDATE_FUNCTION","buildName":"projects/998395111777/locations/us-central1/builds/bf899f1d-8b28-40b1-9087-8f1c52faa5e7"},"done":false}
[debug] [2025-09-28T13:22:29.318Z] [update-default-us-central1-dailyRescheduleTrigger] Retrying task index 0
[debug] [2025-09-28T13:22:29.318Z] Checked if tokens are valid: true, expires at: 1759069311320
[debug] [2025-09-28T13:22:29.318Z] Checked if tokens are valid: true, expires at: 1759069311320
[debug] [2025-09-28T13:22:29.319Z] >>> [apiv2][query] GET https://cloudfunctions.googleapis.com/v2/projects/wakefield-central-mosque/locations/us-central1/operations/operation-1759065737461-63fdc686afddd-caf551ee-1b350bf5 [none]
[debug] [2025-09-28T13:22:30.143Z] <<< [apiv2][status] GET https://cloudfunctions.googleapis.com/v2/projects/wakefield-central-mosque/locations/us-central1/operations/operation-1759065737461-63fdc686afddd-caf551ee-1b350bf5 200
[debug] [2025-09-28T13:22:30.143Z] <<< [apiv2][body] GET https://cloudfunctions.googleapis.com/v2/projects/wakefield-central-mosque/locations/us-central1/operations/operation-1759065737461-63fdc686afddd-caf551ee-1b350bf5 {"name":"projects/wakefield-central-mosque/locations/us-central1/operations/operation-1759065737461-63fdc686afddd-caf551ee-1b350bf5","metadata":{"@type":"type.googleapis.com/google.cloud.functions.v2.OperationMetadata","createTime":"2025-09-28T13:22:18.386678646Z","target":"projects/wakefield-central-mosque/locations/us-central1/functions/dailyRescheduleTrigger","verb":"update","cancelRequested":false,"apiVersion":"v2","requestResource":{"@type":"type.googleapis.com/google.cloud.functions.v2.Function","name":"projects/wakefield-central-mosque/locations/us-central1/functions/dailyRescheduleTrigger","buildConfig":{"runtime":"nodejs22","entryPoint":"dailyRescheduleTrigger","source":{"storageSource":{"bucket":"gcf-v2-sources-998395111777-us-central1","object":"dailyRescheduleTrigger/function-source.zip","generation":"1759065738283590"}},"environmentVariables":{"GOOGLE_NODE_RUN_SCRIPTS":""},"dockerRepository":"projects/wakefield-central-mosque/locations/us-central1/repositories/gcf-artifacts","sourceProvenance":{"resolvedStorageSource":{"bucket":"gcf-v2-sources-998395111777-us-central1","object":"dailyRescheduleTrigger/function-source.zip","generation":"1759032314249828"}},"dockerRegistry":"ARTIFACT_REGISTRY","serviceAccount":"projects/wakefield-central-mosque/serviceAccounts/998395111777-compute@developer.gserviceaccount.com","automaticUpdatePolicy":{}},"serviceConfig":{"service":"projects/wakefield-central-mosque/locations/us-central1/services/dailyrescheduletrigger","timeoutSeconds":60,"environmentVariables":{"FIREBASE_CONFIG":"{\"projectId\":\"wakefield-central-mosque\",\"storageBucket\":\"wakefield-central-mosque.firebasestorage.app\"}","GCLOUD_PROJECT":"wakefield-central-mosque","EVENTARC_CLOUD_EVENT_SOURCE":"projects/wakefield-central-mosque/locations/us-central1/services/dailyRescheduleTrigger","FUNCTION_TARGET":"dailyRescheduleTrigger","LOG_EXECUTION_ID":"true"},"ingressSettings":"ALLOW_ALL","uri":"https://dailyrescheduletrigger-hdvpmqysfa-uc.a.run.app","serviceAccountEmail":"998395111777-compute@developer.gserviceaccount.com","availableMemory":"256Mi","allTrafficOnLatestRevision":true,"revision":"dailyrescheduletrigger-00001-kis","maxInstanceRequestConcurrency":80,"availableCpu":"1"},"state":"ACTIVE","labels":{"deployment-tool":"cli-firebase","deployment-scheduled":"true","firebase-functions-hash":"ae679f758ff34ca54f64f4f5016e1e808ec923da"},"environment":"GEN_2","url":"https://us-central1-wakefield-central-mosque.cloudfunctions.net/dailyRescheduleTrigger","satisfiesPzi":true},"stages":[{"name":"BUILD","message":"Build in progress","state":"IN_PROGRESS","resource":"projects/998395111777/locations/us-central1/builds/bf899f1d-8b28-40b1-9087-8f1c52faa5e7","resourceUri":"https://console.cloud.google.com/cloud-build/builds;region=us-central1/bf899f1d-8b28-40b1-9087-8f1c52faa5e7?project=998395111777"},{"name":"SERVICE","state":"NOT_STARTED"}],"operationType":"UPDATE_FUNCTION","buildName":"projects/998395111777/locations/us-central1/builds/bf899f1d-8b28-40b1-9087-8f1c52faa5e7"},"done":false}
[debug] [2025-09-28T13:22:38.150Z] [update-default-us-central1-dailyRescheduleTrigger] Retrying task index 0
[debug] [2025-09-28T13:22:38.151Z] Checked if tokens are valid: true, expires at: 1759069311320
[debug] [2025-09-28T13:22:38.151Z] Checked if tokens are valid: true, expires at: 1759069311320
[debug] [2025-09-28T13:22:38.151Z] >>> [apiv2][query] GET https://cloudfunctions.googleapis.com/v2/projects/wakefield-central-mosque/locations/us-central1/operations/operation-1759065737461-63fdc686afddd-caf551ee-1b350bf5 [none]
[debug] [2025-09-28T13:22:39.105Z] <<< [apiv2][status] GET https://cloudfunctions.googleapis.com/v2/projects/wakefield-central-mosque/locations/us-central1/operations/operation-1759065737461-63fdc686afddd-caf551ee-1b350bf5 200
[debug] [2025-09-28T13:22:39.106Z] <<< [apiv2][body] GET https://cloudfunctions.googleapis.com/v2/projects/wakefield-central-mosque/locations/us-central1/operations/operation-1759065737461-63fdc686afddd-caf551ee-1b350bf5 {"name":"projects/wakefield-central-mosque/locations/us-central1/operations/operation-1759065737461-63fdc686afddd-caf551ee-1b350bf5","metadata":{"@type":"type.googleapis.com/google.cloud.functions.v2.OperationMetadata","createTime":"2025-09-28T13:22:18.386678646Z","target":"projects/wakefield-central-mosque/locations/us-central1/functions/dailyRescheduleTrigger","verb":"update","cancelRequested":false,"apiVersion":"v2","requestResource":{"@type":"type.googleapis.com/google.cloud.functions.v2.Function","name":"projects/wakefield-central-mosque/locations/us-central1/functions/dailyRescheduleTrigger","buildConfig":{"runtime":"nodejs22","entryPoint":"dailyRescheduleTrigger","source":{"storageSource":{"bucket":"gcf-v2-sources-998395111777-us-central1","object":"dailyRescheduleTrigger/function-source.zip","generation":"1759065738283590"}},"environmentVariables":{"GOOGLE_NODE_RUN_SCRIPTS":""},"dockerRepository":"projects/wakefield-central-mosque/locations/us-central1/repositories/gcf-artifacts","sourceProvenance":{"resolvedStorageSource":{"bucket":"gcf-v2-sources-998395111777-us-central1","object":"dailyRescheduleTrigger/function-source.zip","generation":"1759032314249828"}},"dockerRegistry":"ARTIFACT_REGISTRY","serviceAccount":"projects/wakefield-central-mosque/serviceAccounts/998395111777-compute@developer.gserviceaccount.com","automaticUpdatePolicy":{}},"serviceConfig":{"service":"projects/wakefield-central-mosque/locations/us-central1/services/dailyrescheduletrigger","timeoutSeconds":60,"environmentVariables":{"FIREBASE_CONFIG":"{\"projectId\":\"wakefield-central-mosque\",\"storageBucket\":\"wakefield-central-mosque.firebasestorage.app\"}","GCLOUD_PROJECT":"wakefield-central-mosque","EVENTARC_CLOUD_EVENT_SOURCE":"projects/wakefield-central-mosque/locations/us-central1/services/dailyRescheduleTrigger","FUNCTION_TARGET":"dailyRescheduleTrigger","LOG_EXECUTION_ID":"true"},"ingressSettings":"ALLOW_ALL","uri":"https://dailyrescheduletrigger-hdvpmqysfa-uc.a.run.app","serviceAccountEmail":"998395111777-compute@developer.gserviceaccount.com","availableMemory":"256Mi","allTrafficOnLatestRevision":true,"revision":"dailyrescheduletrigger-00001-kis","maxInstanceRequestConcurrency":80,"availableCpu":"1"},"state":"ACTIVE","labels":{"deployment-tool":"cli-firebase","deployment-scheduled":"true","firebase-functions-hash":"ae679f758ff34ca54f64f4f5016e1e808ec923da"},"environment":"GEN_2","url":"https://us-central1-wakefield-central-mosque.cloudfunctions.net/dailyRescheduleTrigger","satisfiesPzi":true},"stages":[{"name":"BUILD","message":"Build in progress","state":"IN_PROGRESS","resource":"projects/998395111777/locations/us-central1/builds/bf899f1d-8b28-40b1-9087-8f1c52faa5e7","resourceUri":"https://console.cloud.google.com/cloud-build/builds;region=us-central1/bf899f1d-8b28-40b1-9087-8f1c52faa5e7?project=998395111777"},{"name":"SERVICE","state":"NOT_STARTED"}],"operationType":"UPDATE_FUNCTION","buildName":"projects/998395111777/locations/us-central1/builds/bf899f1d-8b28-40b1-9087-8f1c52faa5e7"},"done":false}
[debug] [2025-09-28T13:22:49.122Z] [update-default-us-central1-dailyRescheduleTrigger] Retrying task index 0
[debug] [2025-09-28T13:22:49.122Z] Checked if tokens are valid: true, expires at: 1759069311320
[debug] [2025-09-28T13:22:49.123Z] Checked if tokens are valid: true, expires at: 1759069311320
[debug] [2025-09-28T13:22:49.123Z] >>> [apiv2][query] GET https://cloudfunctions.googleapis.com/v2/projects/wakefield-central-mosque/locations/us-central1/operations/operation-1759065737461-63fdc686afddd-caf551ee-1b350bf5 [none]
[debug] [2025-09-28T13:22:49.957Z] <<< [apiv2][status] GET https://cloudfunctions.googleapis.com/v2/projects/wakefield-central-mosque/locations/us-central1/operations/operation-1759065737461-63fdc686afddd-caf551ee-1b350bf5 200
[debug] [2025-09-28T13:22:49.957Z] <<< [apiv2][body] GET https://cloudfunctions.googleapis.com/v2/projects/wakefield-central-mosque/locations/us-central1/operations/operation-1759065737461-63fdc686afddd-caf551ee-1b350bf5 {"name":"projects/wakefield-central-mosque/locations/us-central1/operations/operation-1759065737461-63fdc686afddd-caf551ee-1b350bf5","metadata":{"@type":"type.googleapis.com/google.cloud.functions.v2.OperationMetadata","createTime":"2025-09-28T13:22:18.386678646Z","target":"projects/wakefield-central-mosque/locations/us-central1/functions/dailyRescheduleTrigger","verb":"update","cancelRequested":false,"apiVersion":"v2","requestResource":{"@type":"type.googleapis.com/google.cloud.functions.v2.Function","name":"projects/wakefield-central-mosque/locations/us-central1/functions/dailyRescheduleTrigger","buildConfig":{"runtime":"nodejs22","entryPoint":"dailyRescheduleTrigger","source":{"storageSource":{"bucket":"gcf-v2-sources-998395111777-us-central1","object":"dailyRescheduleTrigger/function-source.zip","generation":"1759065738283590"}},"environmentVariables":{"GOOGLE_NODE_RUN_SCRIPTS":""},"dockerRepository":"projects/wakefield-central-mosque/locations/us-central1/repositories/gcf-artifacts","sourceProvenance":{"resolvedStorageSource":{"bucket":"gcf-v2-sources-998395111777-us-central1","object":"dailyRescheduleTrigger/function-source.zip","generation":"1759032314249828"}},"dockerRegistry":"ARTIFACT_REGISTRY","serviceAccount":"projects/wakefield-central-mosque/serviceAccounts/998395111777-compute@developer.gserviceaccount.com","automaticUpdatePolicy":{}},"serviceConfig":{"service":"projects/wakefield-central-mosque/locations/us-central1/services/dailyrescheduletrigger","timeoutSeconds":60,"environmentVariables":{"FIREBASE_CONFIG":"{\"projectId\":\"wakefield-central-mosque\",\"storageBucket\":\"wakefield-central-mosque.firebasestorage.app\"}","GCLOUD_PROJECT":"wakefield-central-mosque","EVENTARC_CLOUD_EVENT_SOURCE":"projects/wakefield-central-mosque/locations/us-central1/services/dailyRescheduleTrigger","FUNCTION_TARGET":"dailyRescheduleTrigger","LOG_EXECUTION_ID":"true"},"ingressSettings":"ALLOW_ALL","uri":"https://dailyrescheduletrigger-hdvpmqysfa-uc.a.run.app","serviceAccountEmail":"998395111777-compute@developer.gserviceaccount.com","availableMemory":"256Mi","allTrafficOnLatestRevision":true,"revision":"dailyrescheduletrigger-00001-kis","maxInstanceRequestConcurrency":80,"availableCpu":"1"},"state":"ACTIVE","labels":{"deployment-tool":"cli-firebase","deployment-scheduled":"true","firebase-functions-hash":"ae679f758ff34ca54f64f4f5016e1e808ec923da"},"environment":"GEN_2","url":"https://us-central1-wakefield-central-mosque.cloudfunctions.net/dailyRescheduleTrigger","satisfiesPzi":true},"stages":[{"name":"BUILD","message":"Build in progress","state":"IN_PROGRESS","resource":"projects/998395111777/locations/us-central1/builds/bf899f1d-8b28-40b1-9087-8f1c52faa5e7","resourceUri":"https://console.cloud.google.com/cloud-build/builds;region=us-central1/bf899f1d-8b28-40b1-9087-8f1c52faa5e7?project=998395111777"},{"name":"SERVICE","state":"NOT_STARTED"}],"operationType":"UPDATE_FUNCTION","buildName":"projects/998395111777/locations/us-central1/builds/bf899f1d-8b28-40b1-9087-8f1c52faa5e7"},"done":false}
